QuestaSim-64 vlog 2021.1 Compiler 2021.01 Jan 19 2021
Start time: 02:06:05 on Jun 29,2024
vlog S_AES_Package.svh S_AES_Top.sv "+cover" -l comp.log 
-- Compiling package S_AES_Package
-- Importing package mtiUvm.uvm_pkg (uvm-1.1d Built-in)
** Note: (vlog-2286) S_AES_Package.svh(3): Using implicit +incdir+D:/Programes/uvm-1.1d/../verilog_src/uvm-1.1d/src from import uvm_pkg
-- Compiling package S_AES_Top_sv_unit
-- Importing package S_AES_Package
-- Compiling interface S_AES_IF
-- Compiling module Key_Expansion
-- Compiling module Add_Round_Key
-- Compiling module Nib_Substitution
-- Compiling module Shift_Row
-- Compiling module Mix_Columns
-- Compiling module S_AES_Encryption
-- Compiling module S_AES_Top

Top level modules:
	Nib_Substitution
	S_AES_Encryption
	S_AES_Top
End time: 02:06:05 on Jun 29,2024, Elapsed time: 0:00:00
Errors: 0, Warnings: 0
